<?xml version="1.0" encoding="UTF-8"?>
<!-- Generated by org.testng.reporters.JUnitXMLReporter -->
<testsuite hostname="RISMAA01DTP027" ignored="0" name="HGPlayerInterface" tests="3" failures="1" timestamp="01 Nov 2017 06:07:18 GMT" time="0.656" errors="0">
  <testcase name="passTest" time="0.021" classname="testbase.ExtentReportsClassVersion3"/>
  <testcase name="failTest" time="0.002" classname="testbase.ExtentReportsClassVersion3">
    <failure type="java.lang.AssertionError" message="expected [true] but found [false]">
      <![CDATA[java.lang.AssertionError: expected [true] but found [false]
	at testbase.ExtentReportsClassVersion3.failTest(ExtentReportsClassVersion3.java:51)
... Removed 29 stack frames]]>
    </failure>
  </testcase> <!-- failTest -->
  <testcase name="skipTest" time="0.001" classname="testbase.ExtentReportsClassVersion3">
    <skipped/>
  </testcase> <!-- skipTest -->
</testsuite> <!-- HGPlayerInterface -->
